[debug] [2022-11-22T19:58:18.379Z] ----------------------------------------------------------------------
[debug] [2022-11-22T19:58:18.381Z] Command:       C:\Program Files\nodejs\node.exe C:\Users\GrandCircus Bootcamp\AppData\Roaming\npm\node_modules\firebase-tools\lib\bin\firebase.js deploy --only hosting
[debug] [2022-11-22T19:58:18.381Z] CLI Version:   11.16.1
[debug] [2022-11-22T19:58:18.381Z] Platform:      win32
[debug] [2022-11-22T19:58:18.381Z] Node Version:  v16.18.0
[debug] [2022-11-22T19:58:18.382Z] Time:          Tue Nov 22 2022 14:58:18 GMT-0500 (Eastern Standard Time)
[debug] [2022-11-22T19:58:18.382Z] ----------------------------------------------------------------------
[debug] 
[warn] !  JSON error trying to load C:\Users\GrandCircus Bootcamp\Desktop\03-shoutouts\frontend\.firebaserc 
[debug] [2022-11-22T19:58:18.450Z] >>> [apiv2][query] GET https://firebase.googleapis.com/v1beta1/projects/undefined [none]
[debug] [2022-11-22T19:58:18.802Z] <<< [apiv2][status] GET https://firebase.googleapis.com/v1beta1/projects/undefined 403
[debug] [2022-11-22T19:58:18.802Z] <<< [apiv2][body] GET https://firebase.googleapis.com/v1beta1/projects/undefined {"error":{"code":403,"message":"The caller does not have permission","status":"PERMISSION_DENIED"}}
[debug] [2022-11-22T19:58:18.803Z] HTTP Error: 403, The caller does not have permission
[debug] [2022-11-22T19:58:18.984Z] FirebaseError: HTTP Error: 403, The caller does not have permission
    at responseToError (C:\Users\GrandCircus Bootcamp\AppData\Roaming\npm\node_modules\firebase-tools\lib\responseToError.js:49:12)
    at RetryOperation._fn (C:\Users\GrandCircus Bootcamp\AppData\Roaming\npm\node_modules\firebase-tools\lib\apiv2.js:288:77)
    at processTicksAndRejections (node:internal/process/task_queues:96:5)
[error] 
[error] Error: Failed to get Firebase project undefined. Please make sure the project exists and your account has permission to access it.
[debug] [2022-11-22T19:58:57.298Z] ----------------------------------------------------------------------
[debug] [2022-11-22T19:58:57.300Z] Command:       C:\Program Files\nodejs\node.exe C:\Users\GrandCircus Bootcamp\AppData\Roaming\npm\node_modules\firebase-tools\lib\bin\firebase.js init hosting:github
[debug] [2022-11-22T19:58:57.300Z] CLI Version:   11.16.1
[debug] [2022-11-22T19:58:57.300Z] Platform:      win32
[debug] [2022-11-22T19:58:57.300Z] Node Version:  v16.18.0
[debug] [2022-11-22T19:58:57.301Z] Time:          Tue Nov 22 2022 14:58:57 GMT-0500 (Eastern Standard Time)
[debug] [2022-11-22T19:58:57.301Z] ----------------------------------------------------------------------
[debug] 
[debug] [2022-11-22T19:58:57.362Z] > command requires scopes: ["email","openid","https://www.googleapis.com/auth/cloudplatformprojects.readonly","https://www.googleapis.com/auth/firebase","https://www.googleapis.com/auth/cloud-platform"]
[debug] [2022-11-22T19:58:57.362Z] > authorizing via signed-in user (joshuaherty7@gmail.com)
[info] 
     ######## #### ########  ######## ########     ###     ######  ########
     ##        ##  ##     ## ##       ##     ##  ##   ##  ##       ##
     ######    ##  ########  ######   ########  #########  ######  ######
     ##        ##  ##    ##  ##       ##     ## ##     ##       ## ##
     ##       #### ##     ## ######## ########  ##     ##  ######  ########

You're about to initialize a Firebase project in this directory:

  C:\Users\GrandCircus Bootcamp\Desktop\03-shoutouts\frontend

Before we get started, keep in mind:

  * You are initializing within an existing Firebase project directory

[info] 
=== Project Setup
[info] 
[info] First, let's associate this project directory with a Firebase project.
[info] You can create multiple project aliases by running firebase use --add, 
[info] but for now we'll just set up a default project.
[info] 
[debug] [2022-11-22T19:59:29.537Z] Using project from CLI flag: shoutouts-410e1
[debug] [2022-11-22T19:59:29.540Z] >>> [apiv2][query] GET https://firebase.googleapis.com/v1beta1/projects/shoutouts-410e1 [none]
[debug] [2022-11-22T19:59:29.808Z] <<< [apiv2][status] GET https://firebase.googleapis.com/v1beta1/projects/shoutouts-410e1 200
[debug] [2022-11-22T19:59:29.808Z] <<< [apiv2][body] GET https://firebase.googleapis.com/v1beta1/projects/shoutouts-410e1 {"projectId":"shoutouts-410e1","projectNumber":"901980775089","displayName":"shoutouts","name":"projects/shoutouts-410e1","resources":{"hostingSite":"shoutouts-410e1","storageBucket":"shoutouts-410e1.appspot.com","locationId":"us-central"},"state":"ACTIVE","etag":"1_a3c64137-2ca7-4923-92d2-2aaeabc0dcb4"}
[info] i  Using project shoutouts-410e1 (shoutouts) 
[info] 
=== Hosting:github Setup
[info] 
[info] i  Didn't detect a .git folder. Assuming C:\Users\GrandCircus Bootcamp\Desktop\03-shoutouts\frontend is the project root. 
[info] i  Authorizing with GitHub to upload your service account to a GitHub repository's secrets store. 
[info] 
[info] Visit this URL on this device to log in:
[info] https://github.com/login/oauth/authorize?client_id=89cf50f02ac6aaed3484&state=612245307&redirect_uri=http%3A%2F%2Flocalhost%3A9005&scope=read%3Auser%20repo%20public_repo
[info] 
[info] Waiting for authentication...
[debug] [2022-11-22T19:59:35.701Z] >>> [apiv2][query] POST https://github.com/login/oauth/access_token [none]
[debug] [2022-11-22T19:59:35.701Z] >>> [apiv2][body] POST https://github.com/login/oauth/access_token [stream]
[debug] [2022-11-22T19:59:35.993Z] <<< [apiv2][status] POST https://github.com/login/oauth/access_token 200
[debug] [2022-11-22T19:59:35.993Z] <<< [apiv2][body] POST https://github.com/login/oauth/access_token {"access_token":"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","token_type":"bearer","scope":"read:user,repo"}
[debug] [2022-11-22T19:59:35.997Z] >>> [apiv2][query] GET https://api.github.com/user [none]
[debug] [2022-11-22T19:59:36.308Z] <<< [apiv2][status] GET https://api.github.com/user 200
[debug] [2022-11-22T19:59:36.309Z] <<< [apiv2][body] GET https://api.github.com/user {"login":"JoshHerty","id":89488629,"node_id":"MDQ6VXNlcjg5NDg4NjI5","avatar_url":"https://avatars.githubusercontent.com/u/89488629?v=4","gravatar_id":"","url":"https://api.github.com/users/JoshHerty","html_url":"https://github.com/JoshHerty","followers_url":"https://api.github.com/users/JoshHerty/followers","following_url":"https://api.github.com/users/JoshHerty/following{/other_user}","gists_url":"https://api.github.com/users/JoshHerty/gists{/gist_id}","starred_url":"https://api.github.com/users/JoshHerty/starred{/owner}{/repo}","subscriptions_url":"https://api.github.com/users/JoshHerty/subscriptions","organizations_url":"https://api.github.com/users/JoshHerty/orgs","repos_url":"https://api.github.com/users/JoshHerty/repos","events_url":"https://api.github.com/users/JoshHerty/events{/privacy}","received_events_url":"https://api.github.com/users/JoshHerty/received_events","type":"User","site_admin":false,"name":"Joshua Herty","company":null,"blog":"","location":null,"email":null,"hireable":null,"bio":null,"twitter_username":null,"public_repos":15,"public_gists":0,"followers":1,"following":0,"created_at":"2021-08-24T21:37:04Z","updated_at":"2022-11-17T14:15:01Z","private_gists":0,"total_private_repos":0,"owned_private_repos":0,"disk_usage":4060,"collaborators":0,"two_factor_authentication":false,"plan":{"name":"free","space":976562499,"collaborators":0,"private_repos":10000}}
[info] 
[info] +  Success! Logged into GitHub as JoshHerty 
[info] 
